  Main.cpp
C:\Users\지은\source\repos\MiniCScanner\MiniCScanner\Main.cpp(18,1): warning C4326: 'main'의 반환 형식이 'int'이어야 하는데 'void'입니다.
  Scanner.cpp
C:\Users\지은\source\repos\MiniCScanner\MiniCScanner\Scanner.cpp(22,2): error C2440: '초기화 중': 'const char [2]'에서 'char *'(으)로 변환할 수 없습니다.
C:\Users\지은\source\repos\MiniCScanner\MiniCScanner\Scanner.cpp(22,2): message : 문자열 리터럴로부터의 변환은 const 한정자가 손실됩니다(/Zc:strictStrings 참조).
C:\Users\지은\source\repos\MiniCScanner\MiniCScanner\Scanner.cpp(22,14): error C2440: '초기화 중': 'const char [3]'에서 'char *'(으)로 변환할 수 없습니다.
C:\Users\지은\source\repos\MiniCScanner\MiniCScanner\Scanner.cpp(22,14): message : 문자열 리터럴로부터의 변환은 const 한정자가 손실됩니다(/Zc:strictStrings 참조).
C:\Users\지은\source\repos\MiniCScanner\MiniCScanner\Scanner.cpp(22,25): error C2440: '초기화 중': 'const char [2]'에서 'char *'(으)로 변환할 수 없습니다.
C:\Users\지은\source\repos\MiniCScanner\MiniCScanner\Scanner.cpp(22,25): message : 문자열 리터럴로부터의 변환은 const 한정자가 손실됩니다(/Zc:strictStrings 참조).
C:\Users\지은\source\repos\MiniCScanner\MiniCScanner\Scanner.cpp(22,36): error C2440: '초기화 중': 'const char [3]'에서 'char *'(으)로 변환할 수 없습니다.
C:\Users\지은\source\repos\MiniCScanner\MiniCScanner\Scanner.cpp(22,36): message : 문자열 리터럴로부터의 변환은 const 한정자가 손실됩니다(/Zc:strictStrings 참조).
C:\Users\지은\source\repos\MiniCScanner\MiniCScanner\Scanner.cpp(22,46): error C2440: '초기화 중': 'const char [7]'에서 'char *'(으)로 변환할 수 없습니다.
C:\Users\지은\source\repos\MiniCScanner\MiniCScanner\Scanner.cpp(22,46): message : 문자열 리터럴로부터의 변환은 const 한정자가 손실됩니다(/Zc:strictStrings 참조).
C:\Users\지은\source\repos\MiniCScanner\MiniCScanner\Scanner.cpp(22,58): error C2440: '초기화 중': 'const char [8]'에서 'char *'(으)로 변환할 수 없습니다.
C:\Users\지은\source\repos\MiniCScanner\MiniCScanner\Scanner.cpp(22,58): message : 문자열 리터럴로부터의 변환은 const 한정자가 손실됩니다(/Zc:strictStrings 참조).
C:\Users\지은\source\repos\MiniCScanner\MiniCScanner\Scanner.cpp(24,2): error C2440: '초기화 중': 'const char [3]'에서 'char *'(으)로 변환할 수 없습니다.
C:\Users\지은\source\repos\MiniCScanner\MiniCScanner\Scanner.cpp(24,2): message : 문자열 리터럴로부터의 변환은 const 한정자가 손실됩니다(/Zc:strictStrings 참조).
C:\Users\지은\source\repos\MiniCScanner\MiniCScanner\Scanner.cpp(24,14): error C2440: '초기화 중': 'const char [2]'에서 'char *'(으)로 변환할 수 없습니다.
C:\Users\지은\source\repos\MiniCScanner\MiniCScanner\Scanner.cpp(24,14): message : 문자열 리터럴로부터의 변환은 const 한정자가 손실됩니다(/Zc:strictStrings 참조).
C:\Users\지은\source\repos\MiniCScanner\MiniCScanner\Scanner.cpp(24,25): error C2440: '초기화 중': 'const char [2]'에서 'char *'(으)로 변환할 수 없습니다.
C:\Users\지은\source\repos\MiniCScanner\MiniCScanner\Scanner.cpp(24,25): message : 문자열 리터럴로부터의 변환은 const 한정자가 손실됩니다(/Zc:strictStrings 참조).
C:\Users\지은\source\repos\MiniCScanner\MiniCScanner\Scanner.cpp(24,36): error C2440: '초기화 중': 'const char [2]'에서 'char *'(으)로 변환할 수 없습니다.
C:\Users\지은\source\repos\MiniCScanner\MiniCScanner\Scanner.cpp(24,36): message : 문자열 리터럴로부터의 변환은 const 한정자가 손실됩니다(/Zc:strictStrings 참조).
C:\Users\지은\source\repos\MiniCScanner\MiniCScanner\Scanner.cpp(24,46): error C2440: '초기화 중': 'const char [3]'에서 'char *'(으)로 변환할 수 없습니다.
C:\Users\지은\source\repos\MiniCScanner\MiniCScanner\Scanner.cpp(24,46): message : 문자열 리터럴로부터의 변환은 const 한정자가 손실됩니다(/Zc:strictStrings 참조).
C:\Users\지은\source\repos\MiniCScanner\MiniCScanner\Scanner.cpp(24,58): error C2440: '초기화 중': 'const char [2]'에서 'char *'(으)로 변환할 수 없습니다.
C:\Users\지은\source\repos\MiniCScanner\MiniCScanner\Scanner.cpp(24,58): message : 문자열 리터럴로부터의 변환은 const 한정자가 손실됩니다(/Zc:strictStrings 참조).
C:\Users\지은\source\repos\MiniCScanner\MiniCScanner\Scanner.cpp(26,2): error C2440: '초기화 중': 'const char [3]'에서 'char *'(으)로 변환할 수 없습니다.
C:\Users\지은\source\repos\MiniCScanner\MiniCScanner\Scanner.cpp(26,2): message : 문자열 리터럴로부터의 변환은 const 한정자가 손실됩니다(/Zc:strictStrings 참조).
C:\Users\지은\source\repos\MiniCScanner\MiniCScanner\Scanner.cpp(26,14): error C2440: '초기화 중': 'const char [3]'에서 'char *'(으)로 변환할 수 없습니다.
C:\Users\지은\source\repos\MiniCScanner\MiniCScanner\Scanner.cpp(26,14): message : 문자열 리터럴로부터의 변환은 const 한정자가 손실됩니다(/Zc:strictStrings 참조).
C:\Users\지은\source\repos\MiniCScanner\MiniCScanner\Scanner.cpp(26,25): error C2440: '초기화 중': 'const char [2]'에서 'char *'(으)로 변환할 수 없습니다.
C:\Users\지은\source\repos\MiniCScanner\MiniCScanner\Scanner.cpp(26,25): message : 문자열 리터럴로부터의 변환은 const 한정자가 손실됩니다(/Zc:strictStrings 참조).
C:\Users\지은\source\repos\MiniCScanner\MiniCScanner\Scanner.cpp(26,36): error C2440: '초기화 중': 'const char [2]'에서 'char *'(으)로 변환할 수 없습니다.
C:\Users\지은\source\repos\MiniCScanner\MiniCScanner\Scanner.cpp(26,36): message : 문자열 리터럴로부터의 변환은 const 한정자가 손실됩니다(/Zc:strictStrings 참조).
C:\Users\지은\source\repos\MiniCScanner\MiniCScanner\Scanner.cpp(26,46): error C2440: '초기화 중': 'const char [3]'에서 'char *'(으)로 변환할 수 없습니다.
C:\Users\지은\source\repos\MiniCScanner\MiniCScanner\Scanner.cpp(26,46): message : 문자열 리터럴로부터의 변환은 const 한정자가 손실됩니다(/Zc:strictStrings 참조).
C:\Users\지은\source\repos\MiniCScanner\MiniCScanner\Scanner.cpp(26,56): error C2440: '초기화 중': 'const char [3]'에서 'char *'(으)로 변환할 수 없습니다.
C:\Users\지은\source\repos\MiniCScanner\MiniCScanner\Scanner.cpp(26,56): message : 문자열 리터럴로부터의 변환은 const 한정자가 손실됩니다(/Zc:strictStrings 참조).
C:\Users\지은\source\repos\MiniCScanner\MiniCScanner\Scanner.cpp(28,2): error C2440: '초기화 중': 'const char [2]'에서 'char *'(으)로 변환할 수 없습니다.
C:\Users\지은\source\repos\MiniCScanner\MiniCScanner\Scanner.cpp(28,2): message : 문자열 리터럴로부터의 변환은 const 한정자가 손실됩니다(/Zc:strictStrings 참조).
C:\Users\지은\source\repos\MiniCScanner\MiniCScanner\Scanner.cpp(28,14): error C2440: '초기화 중': 'const char [3]'에서 'char *'(으)로 변환할 수 없습니다.
C:\Users\지은\source\repos\MiniCScanner\MiniCScanner\Scanner.cpp(28,14): message : 문자열 리터럴로부터의 변환은 const 한정자가 손실됩니다(/Zc:strictStrings 참조).
C:\Users\지은\source\repos\MiniCScanner\MiniCScanner\Scanner.cpp(28,25): error C2440: '초기화 중': 'const char [2]'에서 'char *'(으)로 변환할 수 없습니다.
C:\Users\지은\source\repos\MiniCScanner\MiniCScanner\Scanner.cpp(28,25): message : 문자열 리터럴로부터의 변환은 const 한정자가 손실됩니다(/Zc:strictStrings 참조).
C:\Users\지은\source\repos\MiniCScanner\MiniCScanner\Scanner.cpp(28,36): error C2440: '초기화 중': 'const char [2]'에서 'char *'(으)로 변환할 수 없습니다.
C:\Users\지은\source\repos\MiniCScanner\MiniCScanner\Scanner.cpp(28,36): message : 문자열 리터럴로부터의 변환은 const 한정자가 손실됩니다(/Zc:strictStrings 참조).
C:\Users\지은\source\repos\MiniCScanner\MiniCScanner\Scanner.cpp(28,46): error C2440: '초기화 중': 'const char [3]'에서 'char *'(으)로 변환할 수 없습니다.
C:\Users\지은\source\repos\MiniCScanner\MiniCScanner\Scanner.cpp(28,46): message : 문자열 리터럴로부터의 변환은 const 한정자가 손실됩니다(/Zc:strictStrings 참조).
C:\Users\지은\source\repos\MiniCScanner\MiniCScanner\Scanner.cpp(28,58): error C2440: '초기화 중': 'const char [2]'에서 'char *'(으)로 변환할 수 없습니다.
C:\Users\지은\source\repos\MiniCScanner\MiniCScanner\Scanner.cpp(28,58): message : 문자열 리터럴로부터의 변환은 const 한정자가 손실됩니다(/Zc:strictStrings 참조).
C:\Users\지은\source\repos\MiniCScanner\MiniCScanner\Scanner.cpp(30,2): error C2440: '초기화 중': 'const char [3]'에서 'char *'(으)로 변환할 수 없습니다.
C:\Users\지은\source\repos\MiniCScanner\MiniCScanner\Scanner.cpp(30,2): message : 문자열 리터럴로부터의 변환은 const 한정자가 손실됩니다(/Zc:strictStrings 참조).
C:\Users\지은\source\repos\MiniCScanner\MiniCScanner\Scanner.cpp(30,14): error C2440: '초기화 중': 'const char [2]'에서 'char *'(으)로 변환할 수 없습니다.
C:\Users\지은\source\repos\MiniCScanner\MiniCScanner\Scanner.cpp(30,14): message : 문자열 리터럴로부터의 변환은 const 한정자가 손실됩니다(/Zc:strictStrings 참조).
C:\Users\지은\source\repos\MiniCScanner\MiniCScanner\Scanner.cpp(30,25): error C2440: '초기화 중': 'const char [3]'에서 'char *'(으)로 변환할 수 없습니다.
C:\Users\지은\source\repos\MiniCScanner\MiniCScanner\Scanner.cpp(30,25): message : 문자열 리터럴로부터의 변환은 const 한정자가 손실됩니다(/Zc:strictStrings 참조).
C:\Users\지은\source\repos\MiniCScanner\MiniCScanner\Scanner.cpp(30,36): error C2440: '초기화 중': 'const char [2]'에서 'char *'(으)로 변환할 수 없습니다.
C:\Users\지은\source\repos\MiniCScanner\MiniCScanner\Scanner.cpp(30,36): message : 문자열 리터럴로부터의 변환은 const 한정자가 손실됩니다(/Zc:strictStrings 참조).
C:\Users\지은\source\repos\MiniCScanner\MiniCScanner\Scanner.cpp(30,46): error C2440: '초기화 중': 'const char [2]'에서 'char *'(으)로 변환할 수 없습니다.
C:\Users\지은\source\repos\MiniCScanner\MiniCScanner\Scanner.cpp(30,46): message : 문자열 리터럴로부터의 변환은 const 한정자가 손실됩니다(/Zc:strictStrings 참조).
C:\Users\지은\source\repos\MiniCScanner\MiniCScanner\Scanner.cpp(30,58): error C2440: '초기화 중': 'const char [4]'에서 'char *'(으)로 변환할 수 없습니다.
C:\Users\지은\source\repos\MiniCScanner\MiniCScanner\Scanner.cpp(30,58): message : 문자열 리터럴로부터의 변환은 const 한정자가 손실됩니다(/Zc:strictStrings 참조).
C:\Users\지은\source\repos\MiniCScanner\MiniCScanner\Scanner.cpp(34,2): error C2440: '초기화 중': 'const char [6]'에서 'char *'(으)로 변환할 수 없습니다.
C:\Users\지은\source\repos\MiniCScanner\MiniCScanner\Scanner.cpp(34,2): message : 문자열 리터럴로부터의 변환은 const 한정자가 손실됩니다(/Zc:strictStrings 참조).
C:\Users\지은\source\repos\MiniCScanner\MiniCScanner\Scanner.cpp(34,14): error C2440: '초기화 중': 'const char [5]'에서 'char *'(으)로 변환할 수 없습니다.
C:\Users\지은\source\repos\MiniCScanner\MiniCScanner\Scanner.cpp(34,14): message : 문자열 리터럴로부터의 변환은 const 한정자가 손실됩니다(/Zc:strictStrings 참조).
C:\Users\지은\source\repos\MiniCScanner\MiniCScanner\Scanner.cpp(34,26): error C2440: '초기화 중': 'const char [3]'에서 'char *'(으)로 변환할 수 없습니다.
C:\Users\지은\source\repos\MiniCScanner\MiniCScanner\Scanner.cpp(34,26): message : 문자열 리터럴로부터의 변환은 const 한정자가 손실됩니다(/Zc:strictStrings 참조).
C:\Users\지은\source\repos\MiniCScanner\MiniCScanner\Scanner.cpp(34,37): error C2440: '초기화 중': 'const char [4]'에서 'char *'(으)로 변환할 수 없습니다.
C:\Users\지은\source\repos\MiniCScanner\MiniCScanner\Scanner.cpp(34,37): message : 문자열 리터럴로부터의 변환은 const 한정자가 손실됩니다(/Zc:strictStrings 참조).
C:\Users\지은\source\repos\MiniCScanner\MiniCScanner\Scanner.cpp(34,48): error C2440: '초기화 중': 'const char [7]'에서 'char *'(으)로 변환할 수 없습니다.
C:\Users\지은\source\repos\MiniCScanner\MiniCScanner\Scanner.cpp(34,48): message : 문자열 리터럴로부터의 변환은 const 한정자가 손실됩니다(/Zc:strictStrings 참조).
C:\Users\지은\source\repos\MiniCScanner\MiniCScanner\Scanner.cpp(34,59): error C2440: '초기화 중': 'const char [5]'에서 'char *'(으)로 변환할 수 없습니다.
C:\Users\지은\source\repos\MiniCScanner\MiniCScanner\Scanner.cpp(34,59): message : 문자열 리터럴로부터의 변환은 const 한정자가 손실됩니다(/Zc:strictStrings 참조).
C:\Users\지은\source\repos\MiniCScanner\MiniCScanner\Scanner.cpp(36,2): error C2440: '초기화 중': 'const char [6]'에서 'char *'(으)로 변환할 수 없습니다.
C:\Users\지은\source\repos\MiniCScanner\MiniCScanner\Scanner.cpp(36,2): message : 문자열 리터럴로부터의 변환은 const 한정자가 손실됩니다(/Zc:strictStrings 참조).
C:\Users\지은\source\repos\MiniCScanner\MiniCScanner\Scanner.cpp(36,14): error C2440: '초기화 중': 'const char [2]'에서 'char *'(으)로 변환할 수 없습니다.
C:\Users\지은\source\repos\MiniCScanner\MiniCScanner\Scanner.cpp(36,14): message : 문자열 리터럴로부터의 변환은 const 한정자가 손실됩니다(/Zc:strictStrings 참조).
C:\Users\지은\source\repos\MiniCScanner\MiniCScanner\Scanner.cpp(36,26): error C2440: '초기화 중': 'const char [3]'에서 'char *'(으)로 변환할 수 없습니다.
C:\Users\지은\source\repos\MiniCScanner\MiniCScanner\Scanner.cpp(36,26): message : 문자열 리터럴로부터의 변환은 const 한정자가 손실됩니다(/Zc:strictStrings 참조).
C:\Users\지은\source\repos\MiniCScanner\MiniCScanner\Scanner.cpp(36,38): error C2440: '초기화 중': 'const char [2]'에서 'char *'(으)로 변환할 수 없습니다.
C:\Users\지은\source\repos\MiniCScanner\MiniCScanner\Scanner.cpp(36,38): message : 문자열 리터럴로부터의 변환은 const 한정자가 손실됩니다(/Zc:strictStrings 참조).
C:\Users\지은\source\repos\MiniCScanner\MiniCScanner\Scanner.cpp(40,2): error C2440: '초기화 중': 'const char [6]'에서 'char *'(으)로 변환할 수 없습니다.
C:\Users\지은\source\repos\MiniCScanner\MiniCScanner\Scanner.cpp(40,2): message : 문자열 리터럴로부터의 변환은 const 한정자가 손실됩니다(/Zc:strictStrings 참조).
C:\Users\지은\source\repos\MiniCScanner\MiniCScanner\Scanner.cpp(40,12): error C2440: '초기화 중': 'const char [5]'에서 'char *'(으)로 변환할 수 없습니다.
C:\Users\지은\source\repos\MiniCScanner\MiniCScanner\Scanner.cpp(40,12): message : 문자열 리터럴로부터의 변환은 const 한정자가 손실됩니다(/Zc:strictStrings 참조).
C:\Users\지은\source\repos\MiniCScanner\MiniCScanner\Scanner.cpp(40,23): error C2440: '초기화 중': 'const char [3]'에서 'char *'(으)로 변환할 수 없습니다.
C:\Users\지은\source\repos\MiniCScanner\MiniCScanner\Scanner.cpp(40,23): message : 문자열 리터럴로부터의 변환은 const 한정자가 손실됩니다(/Zc:strictStrings 참조).
C:\Users\지은\source\repos\MiniCScanner\MiniCScanner\Scanner.cpp(40,32): error C2440: '초기화 중': 'const char [4]'에서 'char *'(으)로 변환할 수 없습니다.
C:\Users\지은\source\repos\MiniCScanner\MiniCScanner\Scanner.cpp(40,32): message : 문자열 리터럴로부터의 변환은 const 한정자가 손실됩니다(/Zc:strictStrings 참조).
C:\Users\지은\source\repos\MiniCScanner\MiniCScanner\Scanner.cpp(40,42): error C2440: '초기화 중': 'const char [7]'에서 'char *'(으)로 변환할 수 없습니다.
C:\Users\지은\source\repos\MiniCScanner\MiniCScanner\Scanner.cpp(40,42): message : 문자열 리터럴로부터의 변환은 const 한정자가 손실됩니다(/Zc:strictStrings 참조).
C:\Users\지은\source\repos\MiniCScanner\MiniCScanner\Scanner.cpp(40,53): error C2440: '초기화 중': 'const char [5]'에서 'char *'(으)로 변환할 수 없습니다.
C:\Users\지은\source\repos\MiniCScanner\MiniCScanner\Scanner.cpp(40,53): message : 문자열 리터럴로부터의 변환은 const 한정자가 손실됩니다(/Zc:strictStrings 참조).
C:\Users\지은\source\repos\MiniCScanner\MiniCScanner\Scanner.cpp(40,64): error C2440: '초기화 중': 'const char [6]'에서 'char *'(으)로 변환할 수 없습니다.
C:\Users\지은\source\repos\MiniCScanner\MiniCScanner\Scanner.cpp(40,64): message : 문자열 리터럴로부터의 변환은 const 한정자가 손실됩니다(/Zc:strictStrings 참조).
  코드를 생성하고 있습니다...
